eeschema (22-Jun-2014 BZR 4027)-stable  >> Creation date: Fri 22 Jan 2016 01:23:30 PM CST
#Cmp ( order = Reference )
| C1         C           
| C2         C           
| C3         C           
| C4         C           
| C5         C           
| C6         C           
| C7         C           
| C8         C           
| C9         C           
| C10        CAPAPOL     
| C11        CAPAPOL     
| D1         DIODE       
| D2         DIODE       
| D3         DIODE       
| D4         DIODE       
| P1         CONN_7      
| P2         CONN_6      
| P3         CONN_4      
| R1         R           
| R2         R           
| R3         R           
| R4         R           
| R5         R           
| R6         R           
| R7         R           
| R8         R           
| R9         R           
| R10        R           
| R11        R           
| U1         AD8618      
| U3         INA128      
| U4         ad7694      
#End Cmp

#Cmp ( order = Value )
| C            C1        
| C            C2        
| C            C3        
| C            C4        
| C            C5        
| C            C6        
| C            C7        
| C            C8        
| C            C9        
| CAPAPOL      C10       
| CAPAPOL      C11       
| DIODE        D1        
| DIODE        D2        
| DIODE        D3        
| DIODE        D4        
| CONN_7       P1        
| CONN_6       P2        
| CONN_4       P3        
| R            R1        
| R            R2        
| R            R3        
| R            R4        
| R            R5        
| R            R6        
| R            R7        
| R            R8        
| R            R9        
| R            R10       
| R            R11       
| AD8618       U1        
| INA128       U3        
| ad7694       U4        
#End Cmp

#End List
